This file contains any messages produced by compilers while
running configure, to aid debugging if configure makes a mistake.

It was created by MicroMusicPlayer configure 2.0, which was
generated by GNU Autoconf 2.69.  Invocation command line was

  $ ./configure 

## --------- ##
## Platform. ##
## --------- ##

hostname = edwarrd-Cyber-Powering
uname -m = x86_64
uname -r = 3.13.0-73-generic
uname -s = Linux
uname -v = #116-Ubuntu SMP Fri Dec 4 15:31:30 UTC 2015

/usr/bin/uname -p = unknown
/bin/uname -X     = unknown

/bin/arch              = unknown
/usr/bin/arch -k       = unknown
/usr/convex/getsysinfo = unknown
/usr/bin/hostinfo      = unknown
/bin/machine           = unknown
/usr/bin/oslevel       = unknown
/bin/universe          = unknown

PATH: /home/edward/bin
PATH: /home/edward/C
PATH: /usr/local/sbin
PATH: /usr/local/bin
PATH: /usr/sbin
PATH: /usr/bin
PATH: /sbin
PATH: /bin
PATH: /usr/games
PATH: /usr/local/games


## ----------- ##
## Core tests. ##
## ----------- ##

configure:2258: checking for g++
configure:2274: found /usr/bin/g++
configure:2285: result: g++
configure:2312: checking for C++ compiler version
configure:2321: g++ --version >&5
g++ (Ubuntu 4.8.4-2ubuntu1~14.04) 4.8.4
Copyright (C) 2013 Free Software Foundation, Inc.
This is free software; see the source for copying conditions.  There is NO
warranty; not even for MERCHANTABILITY or FITNESS FOR A PARTICULAR PURPOSE.

configure:2332: $? = 0
configure:2321: g++ -v >&5
Using built-in specs.
COLLECT_GCC=g++
COLLECT_LTO_WRAPPER=/usr/lib/gcc/x86_64-linux-gnu/4.8/lto-wrapper
Target: x86_64-linux-gnu
Configured with: ../src/configure -v --with-pkgversion='Ubuntu 4.8.4-2ubuntu1~14.04' --with-bugurl=file:///usr/share/doc/gcc-4.8/README.Bugs --enable-languages=c,c++,java,go,d,fortran,objc,obj-c++ --prefix=/usr --program-suffix=-4.8 --enable-shared --enable-linker-build-id --libexecdir=/usr/lib --without-included-gettext --enable-threads=posix --with-gxx-include-dir=/usr/include/c++/4.8 --libdir=/usr/lib --enable-nls --with-sysroot=/ --enable-clocale=gnu --enable-libstdcxx-debug --enable-libstdcxx-time=yes --enable-gnu-unique-object --disable-libmudflap --enable-plugin --with-system-zlib --disable-browser-plugin --enable-java-awt=gtk --enable-gtk-cairo --with-java-home=/usr/lib/jvm/java-1.5.0-gcj-4.8-amd64/jre --enable-java-home --with-jvm-root-dir=/usr/lib/jvm/java-1.5.0-gcj-4.8-amd64 --with-jvm-jar-dir=/usr/lib/jvm-exports/java-1.5.0-gcj-4.8-amd64 --with-arch-directory=amd64 --with-ecj-jar=/usr/share/java/eclipse-ecj.jar --enable-objc-gc --enable-multiarch --disable-werror --with-arch-32=i686 --with-abi=m64 --with-multilib-list=m32,m64,mx32 --with-tune=generic --enable-checking=release --build=x86_64-linux-gnu --host=x86_64-linux-gnu --target=x86_64-linux-gnu
Thread model: posix
gcc version 4.8.4 (Ubuntu 4.8.4-2ubuntu1~14.04) 
configure:2332: $? = 0
configure:2321: g++ -V >&5
g++: error: unrecognized command line option '-V'
g++: fatal error: no input files
compilation terminated.
configure:2332: $? = 4
configure:2321: g++ -qversion >&5
g++: error: unrecognized command line option '-qversion'
g++: fatal error: no input files
compilation terminated.
configure:2332: $? = 4
configure:2352: checking whether the C++ compiler works
configure:2374: g++    conftest.cpp  >&5
configure:2378: $? = 0
configure:2426: result: yes
configure:2429: checking for C++ compiler default output file name
configure:2431: result: a.out
configure:2437: checking for suffix of executables
configure:2444: g++ -o conftest    conftest.cpp  >&5
configure:2448: $? = 0
configure:2470: result: 
configure:2492: checking whether we are cross compiling
configure:2500: g++ -o conftest    conftest.cpp  >&5
configure:2504: $? = 0
configure:2511: ./conftest
configure:2515: $? = 0
configure:2530: result: no
configure:2535: checking for suffix of object files
configure:2557: g++ -c   conftest.cpp >&5
configure:2561: $? = 0
configure:2582: result: o
configure:2586: checking whether we are using the GNU C++ compiler
configure:2605: g++ -c   conftest.cpp >&5
configure:2605: $? = 0
configure:2614: result: yes
configure:2623: checking whether g++ accepts -g
configure:2643: g++ -c -g  conftest.cpp >&5
configure:2643: $? = 0
configure:2684: result: yes
configure:2750: checking for a BSD-compatible install
configure:2818: result: /usr/bin/install -c
configure:2829: checking whether make sets $(MAKE)
configure:2851: result: yes
configure:2860: checking for a thread-safe mkdir -p
configure:2899: result: /bin/mkdir -p
configure:2902: checking whether ln -s works
configure:2906: result: yes
configure:2916: checking for chmod
configure:2934: found /bin/chmod
configure:2946: result: /bin/chmod
configure:2956: checking for cp
configure:2974: found /bin/cp
configure:2986: result: /bin/cp
configure:2996: checking for rm
configure:3014: found /bin/rm
configure:3026: result: /bin/rm
configure:3090: checking for pkg-config
configure:3108: found /usr/bin/pkg-config
configure:3120: result: /usr/bin/pkg-config
configure:3145: checking pkg-config is at least version 0.9.0
configure:3148: result: yes
configure:3158: checking for GTK
configure:3165: $PKG_CONFIG --exists --print-errors "gtk+-3.0"
configure:3168: $? = 0
configure:3182: $PKG_CONFIG --exists --print-errors "gtk+-3.0"
configure:3185: $? = 0
configure:3241: result: yes
configure:3248: checking for VLC
configure:3255: $PKG_CONFIG --exists --print-errors "libvlc"
configure:3258: $? = 0
configure:3272: $PKG_CONFIG --exists --print-errors "libvlc"
configure:3275: $? = 0
configure:3335: result: yes
configure:3390: checking for gcc
configure:3406: found /usr/bin/gcc
configure:3417: result: gcc
configure:3646: checking for C compiler version
configure:3655: gcc --version >&5
gcc (Ubuntu 4.8.4-2ubuntu1~14.04) 4.8.4
Copyright (C) 2013 Free Software Foundation, Inc.
This is free software; see the source for copying conditions.  There is NO
warranty; not even for MERCHANTABILITY or FITNESS FOR A PARTICULAR PURPOSE.

configure:3666: $? = 0
configure:3655: gcc -v >&5
Using built-in specs.
COLLECT_GCC=gcc
COLLECT_LTO_WRAPPER=/usr/lib/gcc/x86_64-linux-gnu/4.8/lto-wrapper
Target: x86_64-linux-gnu
Configured with: ../src/configure -v --with-pkgversion='Ubuntu 4.8.4-2ubuntu1~14.04' --with-bugurl=file:///usr/share/doc/gcc-4.8/README.Bugs --enable-languages=c,c++,java,go,d,fortran,objc,obj-c++ --prefix=/usr --program-suffix=-4.8 --enable-shared --enable-linker-build-id --libexecdir=/usr/lib --without-included-gettext --enable-threads=posix --with-gxx-include-dir=/usr/include/c++/4.8 --libdir=/usr/lib --enable-nls --with-sysroot=/ --enable-clocale=gnu --enable-libstdcxx-debug --enable-libstdcxx-time=yes --enable-gnu-unique-object --disable-libmudflap --enable-plugin --with-system-zlib --disable-browser-plugin --enable-java-awt=gtk --enable-gtk-cairo --with-java-home=/usr/lib/jvm/java-1.5.0-gcj-4.8-amd64/jre --enable-java-home --with-jvm-root-dir=/usr/lib/jvm/java-1.5.0-gcj-4.8-amd64 --with-jvm-jar-dir=/usr/lib/jvm-exports/java-1.5.0-gcj-4.8-amd64 --with-arch-directory=amd64 --with-ecj-jar=/usr/share/java/eclipse-ecj.jar --enable-objc-gc --enable-multiarch --disable-werror --with-arch-32=i686 --with-abi=m64 --with-multilib-list=m32,m64,mx32 --with-tune=generic --enable-checking=release --build=x86_64-linux-gnu --host=x86_64-linux-gnu --target=x86_64-linux-gnu
Thread model: posix
gcc version 4.8.4 (Ubuntu 4.8.4-2ubuntu1~14.04) 
configure:3666: $? = 0
configure:3655: gcc -V >&5
gcc: error: unrecognized command line option '-V'
gcc: fatal error: no input files
compilation terminated.
configure:3666: $? = 4
configure:3655: gcc -qversion >&5
gcc: error: unrecognized command line option '-qversion'
gcc: fatal error: no input files
compilation terminated.
configure:3666: $? = 4
configure:3670: checking whether we are using the GNU C compiler
configure:3689: gcc -c   conftest.c >&5
configure:3689: $? = 0
configure:3698: result: yes
configure:3707: checking whether gcc accepts -g
configure:3727: gcc -c -g  conftest.c >&5
configure:3727: $? = 0
configure:3768: result: yes
configure:3785: checking for gcc option to accept ISO C89
configure:3848: gcc  -c -g -O2  conftest.c >&5
configure:3848: $? = 0
configure:3861: result: none needed
configure:3887: checking how to run the C preprocessor
configure:3918: gcc -E  conftest.c
configure:3918: $? = 0
configure:3932: gcc -E  conftest.c
conftest.c:9:28: fatal error: ac_nonexistent.h: No such file or directory
 #include <ac_nonexistent.h>
                            ^
compilation terminated.
configure:3932: $? = 1
configure: failed program was:
| /* confdefs.h */
| #define PACKAGE_NAME "MicroMusicPlayer"
| #define PACKAGE_TARNAME "MicroMusicPlayer-2.0"
| #define PACKAGE_VERSION "2.0"
| #define PACKAGE_STRING "MicroMusicPlayer 2.0"
| #define PACKAGE_BUGREPORT "mrcyberfighter@gmail.com"
| #define PACKAGE_URL "http://www.open-source-projects.net/Micro_Music_Player/Micro_Music_Player_presentation.html "
| /* end confdefs.h.  */
| #include <ac_nonexistent.h>
configure:3957: result: gcc -E
configure:3977: gcc -E  conftest.c
configure:3977: $? = 0
configure:3991: gcc -E  conftest.c
conftest.c:9:28: fatal error: ac_nonexistent.h: No such file or directory
 #include <ac_nonexistent.h>
                            ^
compilation terminated.
configure:3991: $? = 1
configure: failed program was:
| /* confdefs.h */
| #define PACKAGE_NAME "MicroMusicPlayer"
| #define PACKAGE_TARNAME "MicroMusicPlayer-2.0"
| #define PACKAGE_VERSION "2.0"
| #define PACKAGE_STRING "MicroMusicPlayer 2.0"
| #define PACKAGE_BUGREPORT "mrcyberfighter@gmail.com"
| #define PACKAGE_URL "http://www.open-source-projects.net/Micro_Music_Player/Micro_Music_Player_presentation.html "
| /* end confdefs.h.  */
| #include <ac_nonexistent.h>
configure:4020: checking for grep that handles long lines and -e
configure:4078: result: /bin/grep
configure:4083: checking for egrep
configure:4145: result: /bin/grep -E
configure:4150: checking for ANSI C header files
configure:4170: gcc -c -g -O2  conftest.c >&5
configure:4170: $? = 0
configure:4243: gcc -o conftest -g -O2   conftest.c  >&5
configure:4243: $? = 0
configure:4243: ./conftest
configure:4243: $? = 0
configure:4254: result: yes
configure:4267: checking for sys/types.h
configure:4267: gcc -c -g -O2  conftest.c >&5
configure:4267: $? = 0
configure:4267: result: yes
configure:4267: checking for sys/stat.h
configure:4267: gcc -c -g -O2  conftest.c >&5
configure:4267: $? = 0
configure:4267: result: yes
configure:4267: checking for stdlib.h
configure:4267: gcc -c -g -O2  conftest.c >&5
configure:4267: $? = 0
configure:4267: result: yes
configure:4267: checking for string.h
configure:4267: gcc -c -g -O2  conftest.c >&5
configure:4267: $? = 0
configure:4267: result: yes
configure:4267: checking for memory.h
configure:4267: gcc -c -g -O2  conftest.c >&5
configure:4267: $? = 0
configure:4267: result: yes
configure:4267: checking for strings.h
configure:4267: gcc -c -g -O2  conftest.c >&5
configure:4267: $? = 0
configure:4267: result: yes
configure:4267: checking for inttypes.h
configure:4267: gcc -c -g -O2  conftest.c >&5
configure:4267: $? = 0
configure:4267: result: yes
configure:4267: checking for stdint.h
configure:4267: gcc -c -g -O2  conftest.c >&5
configure:4267: $? = 0
configure:4267: result: yes
configure:4267: checking for unistd.h
configure:4267: gcc -c -g -O2  conftest.c >&5
configure:4267: $? = 0
configure:4267: result: yes
configure:4279: checking for stdbool.h that conforms to C99
configure:4346: gcc -c -g -O2  conftest.c >&5
configure:4346: $? = 0
configure:4353: result: yes
configure:4355: checking for _Bool
configure:4355: gcc -c -g -O2  conftest.c >&5
configure:4355: $? = 0
configure:4355: gcc -c -g -O2  conftest.c >&5
conftest.c: In function 'main':
conftest.c:55:20: error: expected expression before ')' token
 if (sizeof ((_Bool)))
                    ^
configure:4355: $? = 1
configure: failed program was:
| /* confdefs.h */
| #define PACKAGE_NAME "MicroMusicPlayer"
| #define PACKAGE_TARNAME "MicroMusicPlayer-2.0"
| #define PACKAGE_VERSION "2.0"
| #define PACKAGE_STRING "MicroMusicPlayer 2.0"
| #define PACKAGE_BUGREPORT "mrcyberfighter@gmail.com"
| #define PACKAGE_URL "http://www.open-source-projects.net/Micro_Music_Player/Micro_Music_Player_presentation.html "
| #define STDC_HEADERS 1
| #define HAVE_SYS_TYPES_H 1
| #define HAVE_SYS_STAT_H 1
| #define HAVE_STDLIB_H 1
| #define HAVE_STRING_H 1
| #define HAVE_MEMORY_H 1
| #define HAVE_STRINGS_H 1
| #define HAVE_INTTYPES_H 1
| #define HAVE_STDINT_H 1
| #define HAVE_UNISTD_H 1
| /* end confdefs.h.  */
| #include <stdio.h>
| #ifdef HAVE_SYS_TYPES_H
| # include <sys/types.h>
| #endif
| #ifdef HAVE_SYS_STAT_H
| # include <sys/stat.h>
| #endif
| #ifdef STDC_HEADERS
| # include <stdlib.h>
| # include <stddef.h>
| #else
| # ifdef HAVE_STDLIB_H
| #  include <stdlib.h>
| # endif
| #endif
| #ifdef HAVE_STRING_H
| # if !defined STDC_HEADERS && defined HAVE_MEMORY_H
| #  include <memory.h>
| # endif
| # include <string.h>
| #endif
| #ifdef HAVE_STRINGS_H
| # include <strings.h>
| #endif
| #ifdef HAVE_INTTYPES_H
| # include <inttypes.h>
| #endif
| #ifdef HAVE_STDINT_H
| # include <stdint.h>
| #endif
| #ifdef HAVE_UNISTD_H
| # include <unistd.h>
| #endif
| int
| main ()
| {
| if (sizeof ((_Bool)))
| 	    return 0;
|   ;
|   return 0;
| }
configure:4355: result: yes
configure:4366: checking for inline
configure:4382: gcc -c -g -O2  conftest.c >&5
configure:4382: $? = 0
configure:4390: result: inline
configure:4408: checking for uint16_t
configure:4408: gcc -c -g -O2  conftest.c >&5
configure:4408: $? = 0
configure:4408: result: yes
configure:4420: checking for uint32_t
configure:4420: gcc -c -g -O2  conftest.c >&5
configure:4420: $? = 0
configure:4420: result: yes
configure:4436: checking for error_at_line
configure:4452: gcc -o conftest -g -O2   conftest.c  >&5
configure:4452: $? = 0
configure:4460: result: yes
configure:4471: checking for working strtod
configure:4512: gcc -o conftest -g -O2   conftest.c  >&5
configure:4512: $? = 0
configure:4512: ./conftest
configure:4512: $? = 0
configure:4522: result: yes
configure:4587: checking for realpath
configure:4587: gcc -o conftest -g -O2   conftest.c  >&5
configure:4587: $? = 0
configure:4587: result: yes
configure:4587: checking for scandir
configure:4587: gcc -o conftest -g -O2   conftest.c  >&5
configure:4587: $? = 0
configure:4587: result: yes
configure:4587: checking for alphasort
configure:4587: gcc -o conftest -g -O2   conftest.c  >&5
configure:4587: $? = 0
configure:4587: result: yes
configure:4713: creating ./config.status

## ---------------------- ##
## Running config.status. ##
## ---------------------- ##

This file was extended by MicroMusicPlayer config.status 2.0, which was
generated by GNU Autoconf 2.69.  Invocation command line was

  CONFIG_FILES    = 
  CONFIG_HEADERS  = 
  CONFIG_LINKS    = 
  CONFIG_COMMANDS = 
  $ ./config.status 

on edwarrd-Cyber-Powering

config.status:827: creating Makefile
config.status:827: creating mmp-2.0/Makefile
config.status:827: creating config.h
config.status:1008: config.h is unchanged

## ---------------- ##
## Cache variables. ##
## ---------------- ##

ac_cv_c_compiler_gnu=yes
ac_cv_c_inline=inline
ac_cv_c_uint16_t=yes
ac_cv_c_uint32_t=yes
ac_cv_cxx_compiler_gnu=yes
ac_cv_env_CCC_set=
ac_cv_env_CCC_value=
ac_cv_env_CC_set=
ac_cv_env_CC_value=
ac_cv_env_CFLAGS_set=
ac_cv_env_CFLAGS_value=
ac_cv_env_CPPFLAGS_set=
ac_cv_env_CPPFLAGS_value=
ac_cv_env_CPP_set=
ac_cv_env_CPP_value=
ac_cv_env_CXXFLAGS_set=
ac_cv_env_CXXFLAGS_value=
ac_cv_env_CXX_set=
ac_cv_env_CXX_value=
ac_cv_env_GTK_CFLAGS_set=
ac_cv_env_GTK_CFLAGS_value=
ac_cv_env_GTK_LIBS_set=
ac_cv_env_GTK_LIBS_value=
ac_cv_env_LDFLAGS_set=
ac_cv_env_LDFLAGS_value=
ac_cv_env_LIBS_set=
ac_cv_env_LIBS_value=
ac_cv_env_PKG_CONFIG_LIBDIR_set=
ac_cv_env_PKG_CONFIG_LIBDIR_value=
ac_cv_env_PKG_CONFIG_PATH_set=
ac_cv_env_PKG_CONFIG_PATH_value=
ac_cv_env_PKG_CONFIG_set=
ac_cv_env_PKG_CONFIG_value=
ac_cv_env_VLC_CFLAGS_set=
ac_cv_env_VLC_CFLAGS_value=
ac_cv_env_VLC_LIBS_set=
ac_cv_env_VLC_LIBS_value=
ac_cv_env_build_alias_set=
ac_cv_env_build_alias_value=
ac_cv_env_host_alias_set=
ac_cv_env_host_alias_value=
ac_cv_env_target_alias_set=
ac_cv_env_target_alias_value=
ac_cv_func_alphasort=yes
ac_cv_func_realpath=yes
ac_cv_func_scandir=yes
ac_cv_func_strtod=yes
ac_cv_header_inttypes_h=yes
ac_cv_header_memory_h=yes
ac_cv_header_stdbool_h=yes
ac_cv_header_stdc=yes
ac_cv_header_stdint_h=yes
ac_cv_header_stdlib_h=yes
ac_cv_header_string_h=yes
ac_cv_header_strings_h=yes
ac_cv_header_sys_stat_h=yes
ac_cv_header_sys_types_h=yes
ac_cv_header_unistd_h=yes
ac_cv_lib_error_at_line=yes
ac_cv_objext=o
ac_cv_path_CHMOD=/bin/chmod
ac_cv_path_CP=/bin/cp
ac_cv_path_EGREP='/bin/grep -E'
ac_cv_path_GREP=/bin/grep
ac_cv_path_RM=/bin/rm
ac_cv_path_ac_pt_PKG_CONFIG=/usr/bin/pkg-config
ac_cv_path_install='/usr/bin/install -c'
ac_cv_path_mkdir=/bin/mkdir
ac_cv_prog_CPP='gcc -E'
ac_cv_prog_ac_ct_CC=gcc
ac_cv_prog_ac_ct_CXX=g++
ac_cv_prog_cc_c89=
ac_cv_prog_cc_g=yes
ac_cv_prog_cxx_g=yes
ac_cv_prog_make_make_set=yes
ac_cv_type__Bool=yes
pkg_cv_GTK_CFLAGS='-pthread -I/usr/include/gtk-3.0 -I/usr/include/atk-1.0 -I/usr/include/at-spi2-atk/2.0 -I/usr/include/pango-1.0 -I/usr/include/gio-unix-2.0/ -I/usr/include/cairo -I/usr/include/gdk-pixbuf-2.0 -I/usr/include/glib-2.0 -I/usr/lib/x86_64-linux-gnu/glib-2.0/include -I/usr/include/harfbuzz -I/usr/include/freetype2 -I/usr/include/pixman-1 -I/usr/include/libpng12  '
pkg_cv_GTK_LIBS='-lgtk-3 -lgdk-3 -latk-1.0 -lgio-2.0 -lpangocairo-1.0 -lgdk_pixbuf-2.0 -lcairo-gobject -lpango-1.0 -lcairo -lgobject-2.0 -lglib-2.0  '
pkg_cv_VLC_CFLAGS=' '
pkg_cv_VLC_LIBS='-lvlc  '

## ----------------- ##
## Output variables. ##
## ----------------- ##

CC='gcc'
CFLAGS='-g -O2'
CHMOD='/bin/chmod'
CP='/bin/cp'
CPP='gcc -E'
CPPFLAGS=''
CXX='g++'
CXXFLAGS=''
DEFS='-DHAVE_CONFIG_H'
ECHO_C=''
ECHO_N='-n'
ECHO_T=''
EGREP='/bin/grep -E'
EXEEXT=''
GREP='/bin/grep'
GTK_CFLAGS='-pthread -I/usr/include/gtk-3.0 -I/usr/include/atk-1.0 -I/usr/include/at-spi2-atk/2.0 -I/usr/include/pango-1.0 -I/usr/include/gio-unix-2.0/ -I/usr/include/cairo -I/usr/include/gdk-pixbuf-2.0 -I/usr/include/glib-2.0 -I/usr/lib/x86_64-linux-gnu/glib-2.0/include -I/usr/include/harfbuzz -I/usr/include/freetype2 -I/usr/include/pixman-1 -I/usr/include/libpng12  '
GTK_LIBS='-lgtk-3 -lgdk-3 -latk-1.0 -lgio-2.0 -lpangocairo-1.0 -lgdk_pixbuf-2.0 -lcairo-gobject -lpango-1.0 -lcairo -lgobject-2.0 -lglib-2.0  '
INSTALL_DATA='${INSTALL} -m 644'
INSTALL_PROGRAM='${INSTALL}'
INSTALL_SCRIPT='${INSTALL}'
LDFLAGS=''
LIBOBJS=''
LIBS=''
LN_S='ln -s'
LTLIBOBJS=''
MKDIR_P='/bin/mkdir -p'
OBJEXT='o'
PACKAGE_BUGREPORT='mrcyberfighter@gmail.com'
PACKAGE_NAME='MicroMusicPlayer'
PACKAGE_STRING='MicroMusicPlayer 2.0'
PACKAGE_TARNAME='MicroMusicPlayer-2.0'
PACKAGE_URL='http://www.open-source-projects.net/Micro_Music_Player/Micro_Music_Player_presentation.html '
PACKAGE_VERSION='2.0'
PATH_SEPARATOR=':'
PKG_CONFIG='/usr/bin/pkg-config'
PKG_CONFIG_LIBDIR=''
PKG_CONFIG_PATH=''
POW_LIB=''
RM='/bin/rm'
SET_MAKE=''
SHELL='/bin/bash'
VLC_CFLAGS=' '
VLC_LIBS='-lvlc  '
ac_ct_CC='gcc'
ac_ct_CXX='g++'
bindir='${exec_prefix}/bin'
build_alias=''
datadir='${datarootdir}'
datarootdir='${prefix}/share'
docdir='${datarootdir}/doc/${PACKAGE_TARNAME}'
dvidir='${docdir}'
exec_prefix='${prefix}'
host_alias=''
htmldir='${docdir}'
includedir='${prefix}/include'
infodir='${datarootdir}/info'
libdir='${exec_prefix}/lib'
libexecdir='${exec_prefix}/libexec'
localedir='${datarootdir}/locale'
localstatedir='${prefix}/var'
mandir='${datarootdir}/man'
oldincludedir='/usr/include'
pdfdir='${docdir}'
prefix='/usr/local'
program_transform_name='s,x,x,'
psdir='${docdir}'
sbindir='${exec_prefix}/sbin'
sharedstatedir='${prefix}/com'
sysconfdir='${prefix}/etc'
target_alias=''

## ----------- ##
## confdefs.h. ##
## ----------- ##

/* confdefs.h */
#define PACKAGE_NAME "MicroMusicPlayer"
#define PACKAGE_TARNAME "MicroMusicPlayer-2.0"
#define PACKAGE_VERSION "2.0"
#define PACKAGE_STRING "MicroMusicPlayer 2.0"
#define PACKAGE_BUGREPORT "mrcyberfighter@gmail.com"
#define PACKAGE_URL "http://www.open-source-projects.net/Micro_Music_Player/Micro_Music_Player_presentation.html "
#define STDC_HEADERS 1
#define HAVE_SYS_TYPES_H 1
#define HAVE_SYS_STAT_H 1
#define HAVE_STDLIB_H 1
#define HAVE_STRING_H 1
#define HAVE_MEMORY_H 1
#define HAVE_STRINGS_H 1
#define HAVE_INTTYPES_H 1
#define HAVE_STDINT_H 1
#define HAVE_UNISTD_H 1
#define HAVE__BOOL 1
#define HAVE_REALPATH 1
#define HAVE_SCANDIR 1
#define HAVE_ALPHASORT 1

configure: exit 0
